Ejecución número 1
/home/casoto/tesis/Implementacion-PA/Datasets/1hora.txt

Procesando 1hora con codificación 1
Tiempo de creación del gráfico:  61.74119472503662
Tamaño total: 8.43834114074707
/home/casoto/tesis/Implementacion-PA/Datasets/1hora.txt

Procesando 1hora con codificación 2
Tiempo de creación del gráfico:  56.528685092926025
Tamaño total: 10.388208389282227
/home/casoto/tesis/Implementacion-PA/Datasets/1hora.txt

Procesando 1hora con codificación 3
Tiempo de creación del gráfico:  79.49898314476013
Tamaño total: 44.28072547912598
/home/casoto/tesis/Implementacion-PA/Datasets/1hora.txt

Procesando 1hora con codificación 4
Tiempo de creación del gráfico:  113.94280505180359
Tamaño total: 46.69215393066406
/home/casoto/tesis/Implementacion-PA/Datasets/6horas.txt

Procesando 6horas con codificación 1
Tiempo de creación del gráfico:  383.6972370147705
Tamaño total: 51.13810157775879
/home/casoto/tesis/Implementacion-PA/Datasets/6horas.txt

Procesando 6horas con codificación 2
Tiempo de creación del gráfico:  358.73216938972473
Tamaño total: 62.733720779418945
/home/casoto/tesis/Implementacion-PA/Datasets/6horas.txt

Procesando 6horas con codificación 3
Tiempo de creación del gráfico:  490.2941539287567
Tamaño total: 265.68384742736816
/home/casoto/tesis/Implementacion-PA/Datasets/6horas.txt

Procesando 6horas con codificación 4
Tiempo de creación del gráfico:  660.7822906970978
Tamaño total: 280.1526641845703
Ejecución número 2
/home/casoto/tesis/Implementacion-PA/Datasets/1hora.txt

Procesando 1hora con codificación 1
Tiempo de creación del gráfico:  64.59528541564941
Tamaño total: 8.43834114074707
/home/casoto/tesis/Implementacion-PA/Datasets/1hora.txt

Procesando 1hora con codificación 2
Tiempo de creación del gráfico:  56.71083998680115
Tamaño total: 10.388208389282227
/home/casoto/tesis/Implementacion-PA/Datasets/1hora.txt

Procesando 1hora con codificación 3
Tiempo de creación del gráfico:  80.0925452709198
Tamaño total: 44.28072547912598
/home/casoto/tesis/Implementacion-PA/Datasets/1hora.txt

Procesando 1hora con codificación 4
Tiempo de creación del gráfico:  112.80580759048462
Tamaño total: 46.69215393066406
/home/casoto/tesis/Implementacion-PA/Datasets/6horas.txt

Procesando 6horas con codificación 1
Tiempo de creación del gráfico:  359.35587668418884
Tamaño total: 51.13810157775879
/home/casoto/tesis/Implementacion-PA/Datasets/6horas.txt

Procesando 6horas con codificación 2
Tiempo de creación del gráfico:  356.7122299671173
Tamaño total: 62.733720779418945
/home/casoto/tesis/Implementacion-PA/Datasets/6horas.txt

Procesando 6horas con codificación 3
Tiempo de creación del gráfico:  493.4707214832306
Tamaño total: 265.68384742736816
/home/casoto/tesis/Implementacion-PA/Datasets/6horas.txt

Procesando 6horas con codificación 4
Tiempo de creación del gráfico:  679.3347730636597
Tamaño total: 280.1526641845703
Ejecución número 3
/home/casoto/tesis/Implementacion-PA/Datasets/1hora.txt

Procesando 1hora con codificación 1
Tiempo de creación del gráfico:  68.27339959144592
Tamaño total: 8.43834114074707
/home/casoto/tesis/Implementacion-PA/Datasets/1hora.txt

Procesando 1hora con codificación 2
Tiempo de creación del gráfico:  56.49013113975525
Tamaño total: 10.388208389282227
/home/casoto/tesis/Implementacion-PA/Datasets/1hora.txt

Procesando 1hora con codificación 3
Tiempo de creación del gráfico:  80.8879747390747
Tamaño total: 44.28072547912598
/home/casoto/tesis/Implementacion-PA/Datasets/1hora.txt

Procesando 1hora con codificación 4
Tiempo de creación del gráfico:  111.91815686225891
Tamaño total: 46.69215393066406
/home/casoto/tesis/Implementacion-PA/Datasets/6horas.txt

Procesando 6horas con codificación 1
Tiempo de creación del gráfico:  362.7174849510193
Tamaño total: 51.13810157775879
/home/casoto/tesis/Implementacion-PA/Datasets/6horas.txt

Procesando 6horas con codificación 2
Tiempo de creación del gráfico:  356.99320816993713
Tamaño total: 62.733720779418945
/home/casoto/tesis/Implementacion-PA/Datasets/6horas.txt

Procesando 6horas con codificación 3
Tiempo de creación del gráfico:  481.6717677116394
Tamaño total: 265.68384742736816
/home/casoto/tesis/Implementacion-PA/Datasets/6horas.txt

Procesando 6horas con codificación 4
Tiempo de creación del gráfico:  657.1408400535583
Tamaño total: 280.1526641845703
Ejecución número 4
/home/casoto/tesis/Implementacion-PA/Datasets/1hora.txt

Procesando 1hora con codificación 1
Tiempo de creación del gráfico:  65.2925796508789
Tamaño total: 8.43834114074707
/home/casoto/tesis/Implementacion-PA/Datasets/1hora.txt

Procesando 1hora con codificación 2
Tiempo de creación del gráfico:  57.41114854812622
Tamaño total: 10.388208389282227
/home/casoto/tesis/Implementacion-PA/Datasets/1hora.txt

Procesando 1hora con codificación 3
Tiempo de creación del gráfico:  79.47367429733276
Tamaño total: 44.28072547912598
/home/casoto/tesis/Implementacion-PA/Datasets/1hora.txt

Procesando 1hora con codificación 4
Tiempo de creación del gráfico:  109.17306518554688
Tamaño total: 46.69215393066406
/home/casoto/tesis/Implementacion-PA/Datasets/6horas.txt

Procesando 6horas con codificación 1
Tiempo de creación del gráfico:  362.0891590118408
Tamaño total: 51.13810157775879
/home/casoto/tesis/Implementacion-PA/Datasets/6horas.txt

Procesando 6horas con codificación 2
Tiempo de creación del gráfico:  361.5636043548584
Tamaño total: 62.733720779418945
/home/casoto/tesis/Implementacion-PA/Datasets/6horas.txt

Procesando 6horas con codificación 3
Tiempo de creación del gráfico:  483.14903926849365
Tamaño total: 265.68384742736816
/home/casoto/tesis/Implementacion-PA/Datasets/6horas.txt

Procesando 6horas con codificación 4
Tiempo de creación del gráfico:  686.9821062088013
Tamaño total: 280.1526641845703
Ejecución número 5
/home/casoto/tesis/Implementacion-PA/Datasets/1hora.txt

Procesando 1hora con codificación 1
Tiempo de creación del gráfico:  66.55758595466614
Tamaño total: 8.43834114074707
/home/casoto/tesis/Implementacion-PA/Datasets/1hora.txt

Procesando 1hora con codificación 2
Tiempo de creación del gráfico:  56.7694456577301
Tamaño total: 10.388208389282227
/home/casoto/tesis/Implementacion-PA/Datasets/1hora.txt

Procesando 1hora con codificación 3
Tiempo de creación del gráfico:  83.51099181175232
Tamaño total: 44.28072547912598
/home/casoto/tesis/Implementacion-PA/Datasets/1hora.txt

Procesando 1hora con codificación 4
Tiempo de creación del gráfico:  112.73327946662903
Tamaño total: 46.69215393066406
/home/casoto/tesis/Implementacion-PA/Datasets/6horas.txt

Procesando 6horas con codificación 1
Tiempo de creación del gráfico:  361.3826804161072
Tamaño total: 51.13810157775879
/home/casoto/tesis/Implementacion-PA/Datasets/6horas.txt

Procesando 6horas con codificación 2
Tiempo de creación del gráfico:  362.1908872127533
Tamaño total: 62.733720779418945
/home/casoto/tesis/Implementacion-PA/Datasets/6horas.txt

Procesando 6horas con codificación 3
Tiempo de creación del gráfico:  482.36869192123413
Tamaño total: 265.68384742736816
/home/casoto/tesis/Implementacion-PA/Datasets/6horas.txt

Procesando 6horas con codificación 4
Tiempo de creación del gráfico:  675.1732115745544
Tamaño total: 280.1526641845703
Ejecución número 6
/home/casoto/tesis/Implementacion-PA/Datasets/1hora.txt

Procesando 1hora con codificación 1
Tiempo de creación del gráfico:  65.60828638076782
Tamaño total: 8.43834114074707
/home/casoto/tesis/Implementacion-PA/Datasets/1hora.txt

Procesando 1hora con codificación 2
Tiempo de creación del gráfico:  58.011688470840454
Tamaño total: 10.388208389282227
/home/casoto/tesis/Implementacion-PA/Datasets/1hora.txt

Procesando 1hora con codificación 3
Tiempo de creación del gráfico:  83.77966117858887
Tamaño total: 44.28072547912598
/home/casoto/tesis/Implementacion-PA/Datasets/1hora.txt

Procesando 1hora con codificación 4
Tiempo de creación del gráfico:  109.28473806381226
Tamaño total: 46.69215393066406
/home/casoto/tesis/Implementacion-PA/Datasets/6horas.txt

Procesando 6horas con codificación 1
Tiempo de creación del gráfico:  364.2861626148224
Tamaño total: 51.13810157775879
/home/casoto/tesis/Implementacion-PA/Datasets/6horas.txt

Procesando 6horas con codificación 2
Tiempo de creación del gráfico:  344.4856290817261
Tamaño total: 62.733720779418945
/home/casoto/tesis/Implementacion-PA/Datasets/6horas.txt

Procesando 6horas con codificación 3
Tiempo de creación del gráfico:  486.68120312690735
Tamaño total: 265.68384742736816
/home/casoto/tesis/Implementacion-PA/Datasets/6horas.txt

Procesando 6horas con codificación 4
Tiempo de creación del gráfico:  679.1888873577118
Tamaño total: 280.1526641845703
Ejecución número 7
/home/casoto/tesis/Implementacion-PA/Datasets/1hora.txt

Procesando 1hora con codificación 1
Tiempo de creación del gráfico:  66.81635785102844
Tamaño total: 8.43834114074707
/home/casoto/tesis/Implementacion-PA/Datasets/1hora.txt

Procesando 1hora con codificación 2
Tiempo de creación del gráfico:  56.18476939201355
Tamaño total: 10.388208389282227
/home/casoto/tesis/Implementacion-PA/Datasets/1hora.txt

Procesando 1hora con codificación 3
Tiempo de creación del gráfico:  78.9439959526062
Tamaño total: 44.28072547912598
/home/casoto/tesis/Implementacion-PA/Datasets/1hora.txt

Procesando 1hora con codificación 4
Tiempo de creación del gráfico:  111.54898047447205
Tamaño total: 46.69215393066406
/home/casoto/tesis/Implementacion-PA/Datasets/6horas.txt

Procesando 6horas con codificación 1
Tiempo de creación del gráfico:  359.9230763912201
Tamaño total: 51.13810157775879
/home/casoto/tesis/Implementacion-PA/Datasets/6horas.txt

Procesando 6horas con codificación 2
Tiempo de creación del gráfico:  338.55665612220764
Tamaño total: 62.733720779418945
/home/casoto/tesis/Implementacion-PA/Datasets/6horas.txt

Procesando 6horas con codificación 3
Tiempo de creación del gráfico:  494.3162753582001
Tamaño total: 265.68384742736816
/home/casoto/tesis/Implementacion-PA/Datasets/6horas.txt

Procesando 6horas con codificación 4
Tiempo de creación del gráfico:  666.9227855205536
Tamaño total: 280.1526641845703
Ejecución número 8
Terminado
Ejecución número 9
./Pruebas_Automatizadas.sh: línea 15: 3886309 Terminado (killed)      $PYTHON_PATH "/home/casoto/tesis/Implementacion-PA/Programa/Auto_main.py"
Ejecución número 10
/home/casoto/tesis/Implementacion-PA/Datasets/1hora.txt

Procesando 1hora con codificación 1
Tiempo de creación del gráfico:  68.29255104064941
Tamaño total: 8.43834114074707
/home/casoto/tesis/Implementacion-PA/Datasets/1hora.txt

Procesando 1hora con codificación 2
Tiempo de creación del gráfico:  59.14996695518494
Tamaño total: 10.388208389282227
/home/casoto/tesis/Implementacion-PA/Datasets/1hora.txt

Procesando 1hora con codificación 3
Tiempo de creación del gráfico:  79.99953866004944
Tamaño total: 44.28072547912598
/home/casoto/tesis/Implementacion-PA/Datasets/1hora.txt

Procesando 1hora con codificación 4
Tiempo de creación del gráfico:  109.17380237579346
Tamaño total: 46.69215393066406
/home/casoto/tesis/Implementacion-PA/Datasets/6horas.txt

Procesando 6horas con codificación 1
Tiempo de creación del gráfico:  359.32823038101196
Tamaño total: 51.13810157775879
/home/casoto/tesis/Implementacion-PA/Datasets/6horas.txt

Procesando 6horas con codificación 2
Tiempo de creación del gráfico:  351.17081117630005
Tamaño total: 62.733720779418945
/home/casoto/tesis/Implementacion-PA/Datasets/6horas.txt

Procesando 6horas con codificación 3
Tiempo de creación del gráfico:  476.5583906173706
Tamaño total: 265.68384742736816
/home/casoto/tesis/Implementacion-PA/Datasets/6horas.txt

Procesando 6horas con codificación 4
Tiempo de creación del gráfico:  682.0864882469177
Tamaño total: 280.1526641845703
Ejecución número 11
/home/casoto/tesis/Implementacion-PA/Datasets/1hora.txt

Procesando 1hora con codificación 1
Tiempo de creación del gráfico:  64.67629170417786
Tamaño total: 8.43834114074707
/home/casoto/tesis/Implementacion-PA/Datasets/1hora.txt

Procesando 1hora con codificación 2
Tiempo de creación del gráfico:  56.36149334907532
Tamaño total: 10.388208389282227
/home/casoto/tesis/Implementacion-PA/Datasets/1hora.txt

Procesando 1hora con codificación 3
Tiempo de creación del gráfico:  77.6762306690216
Tamaño total: 44.28072547912598
/home/casoto/tesis/Implementacion-PA/Datasets/1hora.txt

Procesando 1hora con codificación 4
Tiempo de creación del gráfico:  107.54086232185364
Tamaño total: 46.69215393066406
/home/casoto/tesis/Implementacion-PA/Datasets/6horas.txt

Procesando 6horas con codificación 1
Tiempo de creación del gráfico:  368.94796228408813
Tamaño total: 51.13810157775879
/home/casoto/tesis/Implementacion-PA/Datasets/6horas.txt

Procesando 6horas con codificación 2
Tiempo de creación del gráfico:  351.74952149391174
Tamaño total: 62.733720779418945
/home/casoto/tesis/Implementacion-PA/Datasets/6horas.txt

Procesando 6horas con codificación 3
Tiempo de creación del gráfico:  487.2395417690277
Tamaño total: 265.68384742736816
/home/casoto/tesis/Implementacion-PA/Datasets/6horas.txt

Procesando 6horas con codificación 4
Tiempo de creación del gráfico:  613.6991982460022
Tamaño total: 280.1526641845703
Ejecución número 12
/home/casoto/tesis/Implementacion-PA/Datasets/1hora.txt

Procesando 1hora con codificación 1
Tiempo de creación del gráfico:  65.45058012008667
Tamaño total: 8.43834114074707
/home/casoto/tesis/Implementacion-PA/Datasets/1hora.txt

Procesando 1hora con codificación 2
Tiempo de creación del gráfico:  50.89974808692932
Tamaño total: 10.388208389282227
/home/casoto/tesis/Implementacion-PA/Datasets/1hora.txt

Procesando 1hora con codificación 3
Tiempo de creación del gráfico:  71.64928865432739
Tamaño total: 44.28072547912598
/home/casoto/tesis/Implementacion-PA/Datasets/1hora.txt

Procesando 1hora con codificación 4
Tiempo de creación del gráfico:  103.90466809272766
Tamaño total: 46.69215393066406
/home/casoto/tesis/Implementacion-PA/Datasets/6horas.txt

Procesando 6horas con codificación 1
Tiempo de creación del gráfico:  352.964129447937
Tamaño total: 51.13810157775879
/home/casoto/tesis/Implementacion-PA/Datasets/6horas.txt

Procesando 6horas con codificación 2
Tiempo de creación del gráfico:  334.840060710907
Tamaño total: 62.733720779418945
/home/casoto/tesis/Implementacion-PA/Datasets/6horas.txt

Procesando 6horas con codificación 3
Tiempo de creación del gráfico:  436.0213677883148
Tamaño total: 265.68384742736816
/home/casoto/tesis/Implementacion-PA/Datasets/6horas.txt

Procesando 6horas con codificación 4
Tiempo de creación del gráfico:  624.1603033542633
Tamaño total: 280.1526641845703
Ejecución número 13
/home/casoto/tesis/Implementacion-PA/Datasets/1hora.txt

Procesando 1hora con codificación 1
Tiempo de creación del gráfico:  69.10025358200073
Tamaño total: 8.43834114074707
/home/casoto/tesis/Implementacion-PA/Datasets/1hora.txt

Procesando 1hora con codificación 2
Tiempo de creación del gráfico:  52.7209906578064
Tamaño total: 10.388208389282227
/home/casoto/tesis/Implementacion-PA/Datasets/1hora.txt

Procesando 1hora con codificación 3
Tiempo de creación del gráfico:  77.15867280960083
Tamaño total: 44.28072547912598
/home/casoto/tesis/Implementacion-PA/Datasets/1hora.txt

Procesando 1hora con codificación 4
Tiempo de creación del gráfico:  102.41109728813171
Tamaño total: 46.69215393066406
/home/casoto/tesis/Implementacion-PA/Datasets/6horas.txt

Procesando 6horas con codificación 1
Tiempo de creación del gráfico:  361.1102252006531
Tamaño total: 51.13810157775879
/home/casoto/tesis/Implementacion-PA/Datasets/6horas.txt

Procesando 6horas con codificación 2
Tiempo de creación del gráfico:  372.6658413410187
Tamaño total: 62.733720779418945
/home/casoto/tesis/Implementacion-PA/Datasets/6horas.txt

Procesando 6horas con codificación 3
Tiempo de creación del gráfico:  502.91312861442566
Tamaño total: 265.68384742736816
/home/casoto/tesis/Implementacion-PA/Datasets/6horas.txt

Procesando 6horas con codificación 4
Tiempo de creación del gráfico:  673.1985847949982
Tamaño total: 280.1526641845703
Ejecución número 14
/home/casoto/tesis/Implementacion-PA/Datasets/1hora.txt

Procesando 1hora con codificación 1
Tiempo de creación del gráfico:  64.75066041946411
Tamaño total: 8.43834114074707
/home/casoto/tesis/Implementacion-PA/Datasets/1hora.txt

Procesando 1hora con codificación 2
Tiempo de creación del gráfico:  54.357380628585815
Tamaño total: 10.388208389282227
/home/casoto/tesis/Implementacion-PA/Datasets/1hora.txt

Procesando 1hora con codificación 3
Tiempo de creación del gráfico:  74.38153791427612
Tamaño total: 44.28072547912598
/home/casoto/tesis/Implementacion-PA/Datasets/1hora.txt

Procesando 1hora con codificación 4
Tiempo de creación del gráfico:  102.77514505386353
Tamaño total: 46.69215393066406
/home/casoto/tesis/Implementacion-PA/Datasets/6horas.txt

Procesando 6horas con codificación 1
Tiempo de creación del gráfico:  354.73342061042786
Tamaño total: 51.13810157775879
/home/casoto/tesis/Implementacion-PA/Datasets/6horas.txt

Procesando 6horas con codificación 2
Tiempo de creación del gráfico:  355.77057576179504
Tamaño total: 62.733720779418945
/home/casoto/tesis/Implementacion-PA/Datasets/6horas.txt

Procesando 6horas con codificación 3
Tiempo de creación del gráfico:  493.1701331138611
Tamaño total: 265.68384742736816
/home/casoto/tesis/Implementacion-PA/Datasets/6horas.txt

Procesando 6horas con codificación 4
Tiempo de creación del gráfico:  680.0216853618622
Tamaño total: 280.1526641845703
Ejecución número 15
/home/casoto/tesis/Implementacion-PA/Datasets/1hora.txt

Procesando 1hora con codificación 1
Tiempo de creación del gráfico:  71.14675998687744
Tamaño total: 8.43834114074707
/home/casoto/tesis/Implementacion-PA/Datasets/1hora.txt

Procesando 1hora con codificación 2
Tiempo de creación del gráfico:  58.96281337738037
Tamaño total: 10.388208389282227
/home/casoto/tesis/Implementacion-PA/Datasets/1hora.txt

Procesando 1hora con codificación 3
Tiempo de creación del gráfico:  84.1668131351471
Tamaño total: 44.28072547912598
/home/casoto/tesis/Implementacion-PA/Datasets/1hora.txt

Procesando 1hora con codificación 4
Tiempo de creación del gráfico:  114.47879958152771
Tamaño total: 46.69215393066406
/home/casoto/tesis/Implementacion-PA/Datasets/6horas.txt

Procesando 6horas con codificación 1
Tiempo de creación del gráfico:  372.33103489875793
Tamaño total: 51.13810157775879
/home/casoto/tesis/Implementacion-PA/Datasets/6horas.txt

Procesando 6horas con codificación 2
Tiempo de creación del gráfico:  356.8279559612274
Tamaño total: 62.733720779418945
/home/casoto/tesis/Implementacion-PA/Datasets/6horas.txt

Procesando 6horas con codificación 3
Tiempo de creación del gráfico:  480.69190096855164
Tamaño total: 265.68384742736816
/home/casoto/tesis/Implementacion-PA/Datasets/6horas.txt

Procesando 6horas con codificación 4
Tiempo de creación del gráfico:  672.5724246501923
Tamaño total: 280.1526641845703
Ejecución número 16
/home/casoto/tesis/Implementacion-PA/Datasets/1hora.txt

Procesando 1hora con codificación 1
Tiempo de creación del gráfico:  71.31797218322754
Tamaño total: 8.43834114074707
/home/casoto/tesis/Implementacion-PA/Datasets/1hora.txt

Procesando 1hora con codificación 2
Tiempo de creación del gráfico:  57.44836401939392
Tamaño total: 10.388208389282227
/home/casoto/tesis/Implementacion-PA/Datasets/1hora.txt

Procesando 1hora con codificación 3
Tiempo de creación del gráfico:  80.90595126152039
Tamaño total: 44.28072547912598
/home/casoto/tesis/Implementacion-PA/Datasets/1hora.txt

Procesando 1hora con codificación 4
Tiempo de creación del gráfico:  113.82678127288818
Tamaño total: 46.69215393066406
/home/casoto/tesis/Implementacion-PA/Datasets/6horas.txt

Procesando 6horas con codificación 1
Tiempo de creación del gráfico:  367.8185477256775
Tamaño total: 51.13810157775879
/home/casoto/tesis/Implementacion-PA/Datasets/6horas.txt

Procesando 6horas con codificación 2
Tiempo de creación del gráfico:  344.64807748794556
Tamaño total: 62.733720779418945
/home/casoto/tesis/Implementacion-PA/Datasets/6horas.txt

Procesando 6horas con codificación 3
Tiempo de creación del gráfico:  479.29773449897766
Tamaño total: 265.68384742736816
/home/casoto/tesis/Implementacion-PA/Datasets/6horas.txt

Procesando 6horas con codificación 4
Tiempo de creación del gráfico:  673.3528964519501
Tamaño total: 280.1526641845703
Ejecución número 17
/home/casoto/tesis/Implementacion-PA/Datasets/1hora.txt

Procesando 1hora con codificación 1
Tiempo de creación del gráfico:  96.08352971076965
Tamaño total: 8.43834114074707
/home/casoto/tesis/Implementacion-PA/Datasets/1hora.txt

Procesando 1hora con codificación 2
Tiempo de creación del gráfico:  58.313905239105225
Tamaño total: 10.388208389282227
/home/casoto/tesis/Implementacion-PA/Datasets/1hora.txt

Procesando 1hora con codificación 3
Tiempo de creación del gráfico:  82.76946568489075
Tamaño total: 44.28072547912598
/home/casoto/tesis/Implementacion-PA/Datasets/1hora.txt

Procesando 1hora con codificación 4
Tiempo de creación del gráfico:  113.33869552612305
Tamaño total: 46.69215393066406
/home/casoto/tesis/Implementacion-PA/Datasets/6horas.txt

Procesando 6horas con codificación 1
Tiempo de creación del gráfico:  375.8884525299072
Tamaño total: 51.13810157775879
/home/casoto/tesis/Implementacion-PA/Datasets/6horas.txt

Procesando 6horas con codificación 2
Tiempo de creación del gráfico:  345.7308647632599
Tamaño total: 62.733720779418945
/home/casoto/tesis/Implementacion-PA/Datasets/6horas.txt

Procesando 6horas con codificación 3
Tiempo de creación del gráfico:  518.4354732036591
Tamaño total: 265.68384742736816
/home/casoto/tesis/Implementacion-PA/Datasets/6horas.txt

Procesando 6horas con codificación 4
Tiempo de creación del gráfico:  693.7072257995605
Tamaño total: 280.1526641845703
Ejecución número 18
/home/casoto/tesis/Implementacion-PA/Datasets/1hora.txt

Procesando 1hora con codificación 1
Tiempo de creación del gráfico:  69.14447045326233
Tamaño total: 8.43834114074707
/home/casoto/tesis/Implementacion-PA/Datasets/1hora.txt

Procesando 1hora con codificación 2
Tiempo de creación del gráfico:  61.823792934417725
Tamaño total: 10.388208389282227
/home/casoto/tesis/Implementacion-PA/Datasets/1hora.txt

Procesando 1hora con codificación 3
Tiempo de creación del gráfico:  80.88964509963989
Tamaño total: 44.28072547912598
/home/casoto/tesis/Implementacion-PA/Datasets/1hora.txt

Procesando 1hora con codificación 4
Tiempo de creación del gráfico:  118.27421832084656
Tamaño total: 46.69215393066406
/home/casoto/tesis/Implementacion-PA/Datasets/6horas.txt

Procesando 6horas con codificación 1
Tiempo de creación del gráfico:  378.7241973876953
Tamaño total: 51.13810157775879
/home/casoto/tesis/Implementacion-PA/Datasets/6horas.txt

Procesando 6horas con codificación 2
Tiempo de creación del gráfico:  375.92552733421326
Tamaño total: 62.733720779418945
/home/casoto/tesis/Implementacion-PA/Datasets/6horas.txt

Procesando 6horas con codificación 3
Tiempo de creación del gráfico:  203.28265476226807
Tamaño total: 265.68384742736816
/home/casoto/tesis/Implementacion-PA/Datasets/6horas.txt

Procesando 6horas con codificación 4
Tiempo de creación del gráfico:  274.91496419906616
Tamaño total: 280.1526641845703
Ejecución número 19
/home/casoto/tesis/Implementacion-PA/Datasets/1hora.txt

Procesando 1hora con codificación 1
Tiempo de creación del gráfico:  30.747658729553223
Tamaño total: 8.43834114074707
/home/casoto/tesis/Implementacion-PA/Datasets/1hora.txt

Procesando 1hora con codificación 2
Tiempo de creación del gráfico:  25.814152479171753
Tamaño total: 10.388208389282227
/home/casoto/tesis/Implementacion-PA/Datasets/1hora.txt

Procesando 1hora con codificación 3
Tiempo de creación del gráfico:  31.858388423919678
Tamaño total: 44.28072547912598
/home/casoto/tesis/Implementacion-PA/Datasets/1hora.txt

Procesando 1hora con codificación 4
Tiempo de creación del gráfico:  44.88686752319336
Tamaño total: 46.69215393066406
/home/casoto/tesis/Implementacion-PA/Datasets/6horas.txt

Procesando 6horas con codificación 1
Tiempo de creación del gráfico:  155.13141775131226
Tamaño total: 51.13810157775879
/home/casoto/tesis/Implementacion-PA/Datasets/6horas.txt

Procesando 6horas con codificación 2
Tiempo de creación del gráfico:  158.68793201446533
Tamaño total: 62.733720779418945
/home/casoto/tesis/Implementacion-PA/Datasets/6horas.txt

Procesando 6horas con codificación 3
Tiempo de creación del gráfico:  199.44914078712463
Tamaño total: 265.68384742736816
/home/casoto/tesis/Implementacion-PA/Datasets/6horas.txt

Procesando 6horas con codificación 4
Tiempo de creación del gráfico:  307.97676062583923
Tamaño total: 280.1526641845703
Ejecución número 20
/home/casoto/tesis/Implementacion-PA/Datasets/1hora.txt

Procesando 1hora con codificación 1
Tiempo de creación del gráfico:  34.272597551345825
Tamaño total: 8.43834114074707
/home/casoto/tesis/Implementacion-PA/Datasets/1hora.txt

Procesando 1hora con codificación 2
Tiempo de creación del gráfico:  27.371924877166748
Tamaño total: 10.388208389282227
/home/casoto/tesis/Implementacion-PA/Datasets/1hora.txt

Procesando 1hora con codificación 3
Tiempo de creación del gráfico:  37.501516819000244
Tamaño total: 44.28072547912598
/home/casoto/tesis/Implementacion-PA/Datasets/1hora.txt

Procesando 1hora con codificación 4
Tiempo de creación del gráfico:  53.04970860481262
Tamaño total: 46.69215393066406
/home/casoto/tesis/Implementacion-PA/Datasets/6horas.txt

Procesando 6horas con codificación 1
Tiempo de creación del gráfico:  179.00171279907227
Tamaño total: 51.13810157775879
/home/casoto/tesis/Implementacion-PA/Datasets/6horas.txt

Procesando 6horas con codificación 2
Tiempo de creación del gráfico:  165.044606924057
Tamaño total: 62.733720779418945
/home/casoto/tesis/Implementacion-PA/Datasets/6horas.txt

Procesando 6horas con codificación 3
Tiempo de creación del gráfico:  228.10221600532532
Tamaño total: 265.68384742736816
/home/casoto/tesis/Implementacion-PA/Datasets/6horas.txt

Procesando 6horas con codificación 4
Tiempo de creación del gráfico:  280.0043330192566
Tamaño total: 280.1526641845703
Ejecución número 21
/home/casoto/tesis/Implementacion-PA/Datasets/1hora.txt

Procesando 1hora con codificación 1
Tiempo de creación del gráfico:  25.56743097305298
Tamaño total: 8.43834114074707
/home/casoto/tesis/Implementacion-PA/Datasets/1hora.txt

Procesando 1hora con codificación 2
Tiempo de creación del gráfico:  23.85837459564209
Tamaño total: 10.388208389282227
/home/casoto/tesis/Implementacion-PA/Datasets/1hora.txt

Procesando 1hora con codificación 3
Tiempo de creación del gráfico:  32.0333993434906
Tamaño total: 44.28072547912598
/home/casoto/tesis/Implementacion-PA/Datasets/1hora.txt

Procesando 1hora con codificación 4
Tiempo de creación del gráfico:  45.78011631965637
Tamaño total: 46.69215393066406
/home/casoto/tesis/Implementacion-PA/Datasets/6horas.txt

Procesando 6horas con codificación 1
Tiempo de creación del gráfico:  156.84488654136658
Tamaño total: 51.13810157775879
/home/casoto/tesis/Implementacion-PA/Datasets/6horas.txt

Procesando 6horas con codificación 2
Tiempo de creación del gráfico:  147.32071924209595
Tamaño total: 62.733720779418945
/home/casoto/tesis/Implementacion-PA/Datasets/6horas.txt

Procesando 6horas con codificación 3
Tiempo de creación del gráfico:  195.23989295959473
Tamaño total: 265.68384742736816
/home/casoto/tesis/Implementacion-PA/Datasets/6horas.txt

Procesando 6horas con codificación 4
Tiempo de creación del gráfico:  273.904372215271
Tamaño total: 280.1526641845703
Ejecución número 22
/home/casoto/tesis/Implementacion-PA/Datasets/1hora.txt

Procesando 1hora con codificación 1
Tiempo de creación del gráfico:  25.505046367645264
Tamaño total: 8.43834114074707
/home/casoto/tesis/Implementacion-PA/Datasets/1hora.txt

Procesando 1hora con codificación 2
Tiempo de creación del gráfico:  24.052924633026123
Tamaño total: 10.388208389282227
/home/casoto/tesis/Implementacion-PA/Datasets/1hora.txt

Procesando 1hora con codificación 3
Tiempo de creación del gráfico:  32.57648324966431
Tamaño total: 44.28072547912598
/home/casoto/tesis/Implementacion-PA/Datasets/1hora.txt

Procesando 1hora con codificación 4
Tiempo de creación del gráfico:  45.97295093536377
Tamaño total: 46.69215393066406
/home/casoto/tesis/Implementacion-PA/Datasets/6horas.txt

Procesando 6horas con codificación 1
Tiempo de creación del gráfico:  154.0398621559143
Tamaño total: 51.13810157775879
/home/casoto/tesis/Implementacion-PA/Datasets/6horas.txt

Procesando 6horas con codificación 2
Tiempo de creación del gráfico:  146.66208362579346
Tamaño total: 62.733720779418945
/home/casoto/tesis/Implementacion-PA/Datasets/6horas.txt

Procesando 6horas con codificación 3
Tiempo de creación del gráfico:  198.0550377368927
Tamaño total: 265.68384742736816
/home/casoto/tesis/Implementacion-PA/Datasets/6horas.txt

Procesando 6horas con codificación 4
Tiempo de creación del gráfico:  280.8385720252991
Tamaño total: 280.1526641845703
Ejecución número 23
/home/casoto/tesis/Implementacion-PA/Datasets/1hora.txt

Procesando 1hora con codificación 1
Tiempo de creación del gráfico:  26.44128942489624
Tamaño total: 8.43834114074707
/home/casoto/tesis/Implementacion-PA/Datasets/1hora.txt

Procesando 1hora con codificación 2
Tiempo de creación del gráfico:  23.333414316177368
Tamaño total: 10.388208389282227
/home/casoto/tesis/Implementacion-PA/Datasets/1hora.txt

Procesando 1hora con codificación 3
Tiempo de creación del gráfico:  31.889440536499023
Tamaño total: 44.28072547912598
/home/casoto/tesis/Implementacion-PA/Datasets/1hora.txt

Procesando 1hora con codificación 4
Tiempo de creación del gráfico:  52.97853183746338
Tamaño total: 46.69215393066406
/home/casoto/tesis/Implementacion-PA/Datasets/6horas.txt

Procesando 6horas con codificación 1
Tiempo de creación del gráfico:  177.35136032104492
Tamaño total: 51.13810157775879
/home/casoto/tesis/Implementacion-PA/Datasets/6horas.txt

Procesando 6horas con codificación 2
Tiempo de creación del gráfico:  152.6872398853302
Tamaño total: 62.733720779418945
/home/casoto/tesis/Implementacion-PA/Datasets/6horas.txt

Procesando 6horas con codificación 3
Tiempo de creación del gráfico:  226.83915162086487
Tamaño total: 265.68384742736816
/home/casoto/tesis/Implementacion-PA/Datasets/6horas.txt

Procesando 6horas con codificación 4
Tiempo de creación del gráfico:  316.73764300346375
Tamaño total: 280.1526641845703
Ejecución número 24
/home/casoto/tesis/Implementacion-PA/Datasets/1hora.txt

Procesando 1hora con codificación 1
Tiempo de creación del gráfico:  29.032610416412354
Tamaño total: 8.43834114074707
/home/casoto/tesis/Implementacion-PA/Datasets/1hora.txt

Procesando 1hora con codificación 2
Tiempo de creación del gráfico:  26.907184839248657
Tamaño total: 10.388208389282227
/home/casoto/tesis/Implementacion-PA/Datasets/1hora.txt

Procesando 1hora con codificación 3
Tiempo de creación del gráfico:  36.68383455276489
Tamaño total: 44.28072547912598
/home/casoto/tesis/Implementacion-PA/Datasets/1hora.txt

Procesando 1hora con codificación 4
Tiempo de creación del gráfico:  51.56560945510864
Tamaño total: 46.69215393066406
/home/casoto/tesis/Implementacion-PA/Datasets/6horas.txt

Procesando 6horas con codificación 1
Tiempo de creación del gráfico:  176.86167740821838
Tamaño total: 51.13810157775879
/home/casoto/tesis/Implementacion-PA/Datasets/6horas.txt

Procesando 6horas con codificación 2
Tiempo de creación del gráfico:  166.42144560813904
Tamaño total: 62.733720779418945
/home/casoto/tesis/Implementacion-PA/Datasets/6horas.txt

Procesando 6horas con codificación 3
Tiempo de creación del gráfico:  227.46245336532593
Tamaño total: 265.68384742736816
/home/casoto/tesis/Implementacion-PA/Datasets/6horas.txt

Procesando 6horas con codificación 4
Tiempo de creación del gráfico:  304.2986342906952
Tamaño total: 280.1526641845703
Ejecución número 25
/home/casoto/tesis/Implementacion-PA/Datasets/1hora.txt

Procesando 1hora con codificación 1
Tiempo de creación del gráfico:  26.676238775253296
Tamaño total: 8.43834114074707
/home/casoto/tesis/Implementacion-PA/Datasets/1hora.txt

Procesando 1hora con codificación 2
Tiempo de creación del gráfico:  26.944337606430054
Tamaño total: 10.388208389282227
/home/casoto/tesis/Implementacion-PA/Datasets/1hora.txt

Procesando 1hora con codificación 3
Tiempo de creación del gráfico:  36.386208057403564
Tamaño total: 44.28072547912598
/home/casoto/tesis/Implementacion-PA/Datasets/1hora.txt

Procesando 1hora con codificación 4
Tiempo de creación del gráfico:  51.6371750831604
Tamaño total: 46.69215393066406
/home/casoto/tesis/Implementacion-PA/Datasets/6horas.txt

Procesando 6horas con codificación 1
Tiempo de creación del gráfico:  165.99575567245483
Tamaño total: 51.13810157775879
/home/casoto/tesis/Implementacion-PA/Datasets/6horas.txt

Procesando 6horas con codificación 2
Tiempo de creación del gráfico:  161.3231542110443
Tamaño total: 62.733720779418945
/home/casoto/tesis/Implementacion-PA/Datasets/6horas.txt

Procesando 6horas con codificación 3
Tiempo de creación del gráfico:  214.417414188385
Tamaño total: 265.68384742736816
/home/casoto/tesis/Implementacion-PA/Datasets/6horas.txt

Procesando 6horas con codificación 4
Tiempo de creación del gráfico:  306.38585090637207
Tamaño total: 280.1526641845703
Ejecución número 26
/home/casoto/tesis/Implementacion-PA/Datasets/1hora.txt

Procesando 1hora con codificación 1
Tiempo de creación del gráfico:  33.79486870765686
Tamaño total: 8.43834114074707
/home/casoto/tesis/Implementacion-PA/Datasets/1hora.txt

Procesando 1hora con codificación 2
Tiempo de creación del gráfico:  25.633939266204834
Tamaño total: 10.388208389282227
/home/casoto/tesis/Implementacion-PA/Datasets/1hora.txt

Procesando 1hora con codificación 3
Tiempo de creación del gráfico:  35.77839231491089
Tamaño total: 44.28072547912598
/home/casoto/tesis/Implementacion-PA/Datasets/1hora.txt

Procesando 1hora con codificación 4
Tiempo de creación del gráfico:  51.416693925857544
Tamaño total: 46.69215393066406
/home/casoto/tesis/Implementacion-PA/Datasets/6horas.txt

Procesando 6horas con codificación 1
Tiempo de creación del gráfico:  179.998690366745
Tamaño total: 51.13810157775879
/home/casoto/tesis/Implementacion-PA/Datasets/6horas.txt

Procesando 6horas con codificación 2
Tiempo de creación del gráfico:  157.86718010902405
Tamaño total: 62.733720779418945
/home/casoto/tesis/Implementacion-PA/Datasets/6horas.txt

Procesando 6horas con codificación 3
Tiempo de creación del gráfico:  196.0587866306305
Tamaño total: 265.68384742736816
/home/casoto/tesis/Implementacion-PA/Datasets/6horas.txt

Procesando 6horas con codificación 4
Tiempo de creación del gráfico:  307.3452603816986
Tamaño total: 280.1526641845703
Ejecución número 27
/home/casoto/tesis/Implementacion-PA/Datasets/1hora.txt

Procesando 1hora con codificación 1
Tiempo de creación del gráfico:  35.063148975372314
Tamaño total: 8.43834114074707
/home/casoto/tesis/Implementacion-PA/Datasets/1hora.txt

Procesando 1hora con codificación 2
Tiempo de creación del gráfico:  28.133509159088135
Tamaño total: 10.388208389282227
/home/casoto/tesis/Implementacion-PA/Datasets/1hora.txt

Procesando 1hora con codificación 3
Tiempo de creación del gráfico:  35.61503791809082
Tamaño total: 44.28072547912598
/home/casoto/tesis/Implementacion-PA/Datasets/1hora.txt

Procesando 1hora con codificación 4
Tiempo de creación del gráfico:  49.7963764667511
Tamaño total: 46.69215393066406
/home/casoto/tesis/Implementacion-PA/Datasets/6horas.txt

Procesando 6horas con codificación 1
Tiempo de creación del gráfico:  174.49694514274597
Tamaño total: 51.13810157775879
/home/casoto/tesis/Implementacion-PA/Datasets/6horas.txt

Procesando 6horas con codificación 2
Tiempo de creación del gráfico:  164.08470630645752
Tamaño total: 62.733720779418945
/home/casoto/tesis/Implementacion-PA/Datasets/6horas.txt

Procesando 6horas con codificación 3
Tiempo de creación del gráfico:  206.90268540382385
Tamaño total: 265.68384742736816
/home/casoto/tesis/Implementacion-PA/Datasets/6horas.txt

Procesando 6horas con codificación 4
Tiempo de creación del gráfico:  264.8032901287079
Tamaño total: 280.1526641845703
Ejecución número 28
/home/casoto/tesis/Implementacion-PA/Datasets/1hora.txt

Procesando 1hora con codificación 1
Tiempo de creación del gráfico:  24.313960313796997
Tamaño total: 8.43834114074707
/home/casoto/tesis/Implementacion-PA/Datasets/1hora.txt

Procesando 1hora con codificación 2
Tiempo de creación del gráfico:  22.644272804260254
Tamaño total: 10.388208389282227
/home/casoto/tesis/Implementacion-PA/Datasets/1hora.txt

Procesando 1hora con codificación 3
Tiempo de creación del gráfico:  31.330194234848022
Tamaño total: 44.28072547912598
/home/casoto/tesis/Implementacion-PA/Datasets/1hora.txt

Procesando 1hora con codificación 4
Tiempo de creación del gráfico:  44.28037095069885
Tamaño total: 46.69215393066406
/home/casoto/tesis/Implementacion-PA/Datasets/6horas.txt

Procesando 6horas con codificación 1
Tiempo de creación del gráfico:  147.3042550086975
Tamaño total: 51.13810157775879
/home/casoto/tesis/Implementacion-PA/Datasets/6horas.txt

Procesando 6horas con codificación 2
Tiempo de creación del gráfico:  137.6407232284546
Tamaño total: 62.733720779418945
/home/casoto/tesis/Implementacion-PA/Datasets/6horas.txt

Procesando 6horas con codificación 3
Tiempo de creación del gráfico:  188.49039483070374
Tamaño total: 265.68384742736816
/home/casoto/tesis/Implementacion-PA/Datasets/6horas.txt

Procesando 6horas con codificación 4
Tiempo de creación del gráfico:  260.14206981658936
Tamaño total: 280.1526641845703
Ejecución número 29
/home/casoto/tesis/Implementacion-PA/Datasets/1hora.txt

Procesando 1hora con codificación 1
Tiempo de creación del gráfico:  25.225740432739258
Tamaño total: 8.43834114074707
/home/casoto/tesis/Implementacion-PA/Datasets/1hora.txt

Procesando 1hora con codificación 2
Tiempo de creación del gráfico:  23.83290147781372
Tamaño total: 10.388208389282227
/home/casoto/tesis/Implementacion-PA/Datasets/1hora.txt

Procesando 1hora con codificación 3
Tiempo de creación del gráfico:  31.701159238815308
Tamaño total: 44.28072547912598
/home/casoto/tesis/Implementacion-PA/Datasets/1hora.txt

Procesando 1hora con codificación 4
Tiempo de creación del gráfico:  44.835060358047485
Tamaño total: 46.69215393066406
/home/casoto/tesis/Implementacion-PA/Datasets/6horas.txt

Procesando 6horas con codificación 1
Tiempo de creación del gráfico:  153.5614197254181
Tamaño total: 51.13810157775879
/home/casoto/tesis/Implementacion-PA/Datasets/6horas.txt

Procesando 6horas con codificación 2
Tiempo de creación del gráfico:  147.97818875312805
Tamaño total: 62.733720779418945
/home/casoto/tesis/Implementacion-PA/Datasets/6horas.txt

Procesando 6horas con codificación 3
Tiempo de creación del gráfico:  196.70937752723694
Tamaño total: 265.68384742736816
/home/casoto/tesis/Implementacion-PA/Datasets/6horas.txt

Procesando 6horas con codificación 4
Tiempo de creación del gráfico:  271.7470471858978
Tamaño total: 280.1526641845703
Ejecución número 30
/home/casoto/tesis/Implementacion-PA/Datasets/1hora.txt

Procesando 1hora con codificación 1
Tiempo de creación del gráfico:  25.26057505607605
Tamaño total: 8.43834114074707
/home/casoto/tesis/Implementacion-PA/Datasets/1hora.txt

Procesando 1hora con codificación 2
Tiempo de creación del gráfico:  23.773592233657837
Tamaño total: 10.388208389282227
/home/casoto/tesis/Implementacion-PA/Datasets/1hora.txt

Procesando 1hora con codificación 3
Tiempo de creación del gráfico:  32.611308097839355
Tamaño total: 44.28072547912598
/home/casoto/tesis/Implementacion-PA/Datasets/1hora.txt

Procesando 1hora con codificación 4
Tiempo de creación del gráfico:  45.40248084068298
Tamaño total: 46.69215393066406
/home/casoto/tesis/Implementacion-PA/Datasets/6horas.txt

Procesando 6horas con codificación 1
Tiempo de creación del gráfico:  159.73077940940857
Tamaño total: 51.13810157775879
/home/casoto/tesis/Implementacion-PA/Datasets/6horas.txt

Procesando 6horas con codificación 2
Tiempo de creación del gráfico:  164.7832612991333
Tamaño total: 62.733720779418945
/home/casoto/tesis/Implementacion-PA/Datasets/6horas.txt

Procesando 6horas con codificación 3
Tiempo de creación del gráfico:  193.7290108203888
Tamaño total: 265.68384742736816
/home/casoto/tesis/Implementacion-PA/Datasets/6horas.txt

Procesando 6horas con codificación 4
Tiempo de creación del gráfico:  270.40964102745056
Tamaño total: 280.1526641845703
./Pruebas_Automatizadas.sh: línea 21: EOF inesperado mientras se buscaba un `"' coincidente
./Pruebas_Automatizadas.sh: línea 23: error sintáctico: no se esperaba el final del fichero
